        -:    0:Source:sample.c
        -:    0:Graph:sample.gcno
        -:    0:Data:sample.gcda
        -:    0:Runs:1
        -:    0:Programs:1
        -:    1:# include<stdio.h>
        1:    2:int main() {
        1:    3:    int num = 10;
        -:    4:
        1:    5:    if (num > 5) {
        1:    6:        printf("Number is greater than 5\n");
        -:    7:    } else {
    #####:    8:        printf("Number is less than or equal to 5\n");
        -:    9:    }
        -:   10:
        1:   11:    return 0;
        -:   12:}
